#
# A fatal error has been detected by the Java Runtime Environment:
#
#  SIGSEGV (0xb) at pc=0x00007fff929bfe5d, pid=3065, tid=2571
#
# JRE version: Java(TM) SE Runtime Environment (8.0_31-b13) (build 1.8.0_31-b13)
# Java VM: Java HotSpot(TM) 64-Bit Server VM (25.31-b07 mixed mode bsd-amd64 compressed oops)
# Problematic frame:
# C  [libobjc.A.dylib+0x7e5d]  objc_msgSend+0x1d
#
# Failed to write core dump. Core dumps have been disabled. To enable core dumping, try "ulimit -c unlimited" before starting Java again
#
# If you would like to submit a bug report, please visit:
#   http://bugreport.java.com/bugreport/crash.jsp
# The crash happened outside the Java Virtual Machine in native code.
# See problematic frame for where to report the bug.
#

---------------  T H R E A D  ---------------

Current thread (0x00007f81b183c800):  JavaThread "JavaFX Application Thread" [_thread_in_native, id=2571, stack(0x00007fff54e05000,0x00007fff55605000)]

siginfo: si_signo: 11 (SIGSEGV), si_code: 1 (SEGV_MAPERR), si_addr: 0x0000000000000018

Registers:
RAX=0x000000010b08c900, RBX=0x00007f81b183c9e8, RCX=0x00007f81b33a7eb0, RDX=0x0000000000000004
RSP=0x00007fff555f75f8, RBP=0x00007fff555f7a40, RSI=0x0000000123a75142, RDI=0x00007f81b0e85580
R8 =0x00007f81b0f1df70, R9 =0x0000000000000000, R10=0x0000000123a75142, R11=0x0000000000000000
R12=0x00007f81b0e72d30, R13=0x0000000000000264, R14=0x0000000000000001, R15=0x000000010abaa558
RIP=0x00007fff929bfe5d, EFLAGS=0x0000000000010246, ERR=0x0000000000000004
  TRAPNO=0x000000000000000e

Top of Stack: (sp=0x00007fff555f75f8)
0x00007fff555f75f8:   0000000123a5de0e 00000000739b80a0
0x00007fff555f7608:   0000000042000000 00007fff82f2cf17
0x00007fff555f7618:   00000000725d61e0 00007f81b3465538
0x00007fff555f7628:   00007f81b183c9e8 00007f81b33a7eb0
0x00007fff555f7638:   0000000000000000 00007f81b3355360
0x00007fff555f7648:   00007fff82f2cacc 00007fff82f2cae3
0x00007fff555f7658:   0000000000000003 00007fff555f7698
0x00007fff555f7668:   00007f81b3355378 0000000000000000
0x00007fff555f7678:   0000000000000000 0000000000000000
0x00007fff555f7688:   0000000000000000 0000000000000000
0x00007fff555f7698:   00007f81b0cf9dc0 0000003002000000
0x00007fff555f76a8:   00007fff82f2cacc 00007fff82f2cae3
0x00007fff555f76b8:   0000000000000000 000000f800000000
0x00007fff555f76c8:   000000000000001d 40839e6000000000
0x00007fff555f76d8:   40773e9000000000 0000000000000000
0x00007fff555f76e8:   0000000000000000 000023ad18f1d2a7
0x00007fff555f76f8:   0000000000000100 0000000000000000
0x00007fff555f7708:   0000000000000000 0000000400000000
0x00007fff555f7718:   0000000000000000 0000000000000001
0x00007fff555f7728:   0000000100000315 0000000000000bf9
0x00007fff555f7738:   0001ad3300139139 0000000000000000
0x00007fff555f7748:   0000000000000000 0000000000000000
0x00007fff555f7758:   0000000000000000 0000000000000000
0x00007fff555f7768:   0000000000000000 0000000000000000
0x00007fff555f7778:   0000000000000000 0000000000000000
0x00007fff555f7788:   0000000000000000 00007f81b0cf9ca0
0x00007fff555f7798:   0000000000000000 00007f81b3429490
0x00007fff555f77a8:   0000000000000000 0000000000000000
0x00007fff555f77b8:   40773e9000000000 17008bc76d81c4e0
0x00007fff555f77c8:   0000000000000008 00007f81b3465cb0
0x00007fff555f77d8:   0000000000000020 0000000000000000
0x00007fff555f77e8:   00007fff555f7910 00007fff555f7900 

Instructions: (pc=0x00007fff929bfe5d)
0x00007fff929bfe3d:   44 00 00 48 85 ff 2e 74 62 40 f6 c7 01 2e 75 66
0x00007fff929bfe4d:   49 bb f8 ff ff ff ff 7f 00 00 4c 23 1f 49 89 f2
0x00007fff929bfe5d:   45 23 53 18 49 c1 e2 04 4d 03 53 10 49 3b 32 75
0x00007fff929bfe6d:   04 41 ff 62 08 49 83 3a 01 76 0d 49 83 c2 10 49 

Register to memory mapping:

RAX=0x000000010b08c900: _ZL13jfr_interface+0x50 in /Library/Java/JavaVirtualMachines/jdk1.8.0_31.jdk/Contents/Home/jre/lib/server/libjvm.dylib at 0x000000010a8a8000
RBX=0x00007f81b183c9e8 is an unknown value
RCX=0x00007f81b33a7eb0 is an unknown value
RDX=0x0000000000000004 is an unknown value
RSP=0x00007fff555f75f8 is pointing into the stack for thread: 0x00007f81b183c800
RBP=0x00007fff555f7a40 is pointing into the stack for thread: 0x00007f81b183c800
RSI=0x0000000123a75142: __FUNCTION__.95073+0x962 in /Library/Java/JavaVirtualMachines/jdk1.8.0_31.jdk/Contents/Home/jre/lib/libglass.dylib at 0x0000000123a45000
RDI=0x00007f81b0e85580 is an unknown value
R8 =0x00007f81b0f1df70 is an unknown value
R9 =0x0000000000000000 is an unknown value
R10=0x0000000123a75142: __FUNCTION__.95073+0x962 in /Library/Java/JavaVirtualMachines/jdk1.8.0_31.jdk/Contents/Home/jre/lib/libglass.dylib at 0x0000000123a45000
R11=0x0000000000000000 is an unknown value
R12=0x00007f81b0e72d30 is an unknown value
R13=0x0000000000000264 is an unknown value
R14=0x0000000000000001 is an unknown value
R15=0x000000010abaa558: jni_CallStaticVoidMethod+0 in /Library/Java/JavaVirtualMachines/jdk1.8.0_31.jdk/Contents/Home/jre/lib/server/libjvm.dylib at 0x000000010a8a8000


Stack: [0x00007fff54e05000,0x00007fff55605000],  sp=0x00007fff555f75f8,  free space=8137k
Native frames: (J=compiled Java code, j=interpreted, Vv=VM code, C=native code)
C  [libobjc.A.dylib+0x7e5d]  objc_msgSend+0x1d
C  [libglass.dylib+0x184be]  listenTouchEvents+0x5e
C  [CoreGraphics+0x4b4155]  processEventTapData+0x281
C  [CoreGraphics+0x3c30b9]  _XPostEventTapData+0x10d
C  [CoreGraphics+0x4b3e7e]  eventTapMessageHandler+0x85
C  [CoreFoundation+0x91f8c]  __CFMachPortPerform+0xfc
C  [CoreFoundation+0x91e79]  __CFRUNLOOP_IS_CALLING_OUT_TO_A_SOURCE1_PERFORM_FUNCTION__+0x29
C  [CoreFoundation+0x91de9]  __CFRunLoopDoSource1+0x1d9
C  [CoreFoundation+0x8981b]  __CFRunLoopRun+0x87b
C  [CoreFoundation+0x88d38]  CFRunLoopRunSpecific+0x128
C  [HIToolbox+0x30d55]  RunCurrentEventLoopInMode+0xeb
C  [HIToolbox+0x30a97]  ReceiveNextEventCommon+0xb8
C  [HIToolbox+0x309cf]  _BlockUntilNextEventMatchingListInModeWithFilter+0x47
C  [AppKit+0x49f3a]  _DPSNextEvent+0x42b
C  [AppKit+0x49369]  -[NSApplication _nextEventMatchingEventMask:untilDate:inMode:dequeue:]+0x1c6
C  [AppKit+0x3decc]  -[NSApplication run]+0x2aa
C  [libglass.dylib+0x6757]  -[GlassApplication runLoop:]+0x6f7
C  [Foundation+0x7754e]  __NSThreadPerformPerform+0x117
C  [CoreFoundation+0xaa621]  __CFRUNLOOP_IS_CALLING_OUT_TO_A_SOURCE0_PERFORM_FUNCTION__+0x11
C  [CoreFoundation+0x89e1c]  __CFRunLoopDoSources0+0x22c
C  [CoreFoundation+0x8933f]  __CFRunLoopRun+0x39f
C  [CoreFoundation+0x88d38]  CFRunLoopRunSpecific+0x128
C  [java+0x56cc]  CreateExecutionEnvironment+0x367
C  [java+0x165c]  JLI_Launch+0x7a0
C  [java+0x768a]  main+0x65
C  [java+0xeb4]  start+0x34
C  0x0000000000000006


---------------  P R O C E S S  ---------------

Java Threads: ( => current thread )
  0x00007f81b118d000 JavaThread "Prism Font Disposer" daemon [_thread_blocked, id=55299, stack(0x00007000015df000,0x00007000016df000)]
  0x00007f81b11b0000 JavaThread "Keep-Alive-Timer" daemon [_thread_blocked, id=55047, stack(0x00007000014dc000,0x00007000015dc000)]
  0x00007f81b20c2800 JavaThread "JavaFX-Launcher" [_thread_blocked, id=50947, stack(0x00007000013d9000,0x00007000014d9000)]
  0x00007f81b18c7800 JavaThread "Thread-3" daemon [_thread_in_vm, id=38915, stack(0x00007000012d3000,0x0000700001353000)]
=>0x00007f81b183c800 JavaThread "JavaFX Application Thread" [_thread_in_native, id=2571, stack(0x00007fff54e05000,0x00007fff55605000)]
  0x00007f81b10dc000 JavaThread "Thread-1" daemon [_thread_blocked, id=26123, stack(0x000070000114d000,0x000070000124d000)]
  0x00007f81b10cd800 JavaThread "QuantumRenderer-0" daemon [_thread_in_native, id=19459, stack(0x0000700000fc7000,0x00007000010c7000)]
  0x00007f81b1019000 JavaThread "Service Thread" daemon [_thread_blocked, id=18435, stack(0x0000700000dc1000,0x0000700000ec1000)]
  0x00007f81b2835000 JavaThread "C1 CompilerThread2" daemon [_thread_blocked, id=17923, stack(0x0000700000cbe000,0x0000700000dbe000)]
  0x00007f81b281d000 JavaThread "C2 CompilerThread1" daemon [_thread_in_native, id=17411, stack(0x0000700000bbb000,0x0000700000cbb000)]
  0x00007f81b282f000 JavaThread "C2 CompilerThread0" daemon [_thread_in_native, id=16899, stack(0x0000700000ab8000,0x0000700000bb8000)]
  0x00007f81b282e000 JavaThread "Signal Dispatcher" daemon [_thread_blocked, id=12815, stack(0x00007000009b5000,0x0000700000ab5000)]
  0x00007f81b1014000 JavaThread "Finalizer" daemon [_thread_blocked, id=12291, stack(0x000070000082f000,0x000070000092f000)]
  0x00007f81b1013800 JavaThread "Reference Handler" daemon [_thread_blocked, id=11779, stack(0x000070000072c000,0x000070000082c000)]
  0x00007f81b2801800 JavaThread "main" [_thread_blocked, id=4099, stack(0x0000700000084000,0x0000700000184000)]

Other Threads:
  0x00007f81b281b800 VMThread [stack: 0x0000700000629000,0x0000700000729000] [id=11267]
  0x00007f81b1024000 WatcherThread [stack: 0x0000700000ec4000,0x0000700000fc4000] [id=18947]

VM state:not at safepoint (normal execution)

VM Mutex/Monitor currently owned by a thread: None

Heap:
 PSYoungGen      total 38400K, used 17621K [0x0000000795580000, 0x0000000798000000, 0x00000007c0000000)
  eden space 33280K, 39% used [0x0000000795580000,0x0000000796264710,0x0000000797600000)
  from space 5120K, 86% used [0x0000000797600000,0x0000000797a50f38,0x0000000797b00000)
  to   space 5120K, 0% used [0x0000000797b00000,0x0000000797b00000,0x0000000798000000)
 ParOldGen       total 87552K, used 4112K [0x0000000740000000, 0x0000000745580000, 0x0000000795580000)
  object space 87552K, 4% used [0x0000000740000000,0x0000000740404020,0x0000000745580000)
 Metaspace       used 17145K, capacity 18130K, committed 18432K, reserved 1064960K
  class space    used 2563K, capacity 2754K, committed 2816K, reserved 1048576K

Card table byte_map: [0x000000011b3f4000,0x000000011b7f5000] byte_map_base: 0x00000001179f4000

Marking Bits: (ParMarkBitMap*) 0x000000010b146410
 Begin Bits: [0x000000011baa0000, 0x000000011daa0000)
 End Bits:   [0x000000011daa0000, 0x000000011faa0000)

Polling page: 0x000000010b7d9000

CodeCache: size=245760Kb used=7040Kb max_used=7041Kb free=238719Kb
 bounds [0x000000010c034000, 0x000000010c724000, 0x000000011b034000]
 total_blobs=2997 nmethods=2338 adapters=572
 compilation: enabled

Compilation events (10 events):
Event: 10.393 Thread 0x00007f81b2835000 2334       3       com.sun.glass.ui.Screen::hashCode (170 bytes)
Event: 10.393 Thread 0x00007f81b2835000 nmethod 2334 0x000000010c713210 code [0x000000010c713380, 0x000000010c713750]
Event: 10.393 Thread 0x00007f81b2835000 2336       3       com.sun.prism.impl.ps.BaseShaderContext::getTextureRGBShader (60 bytes)
Event: 10.394 Thread 0x00007f81b2835000 nmethod 2336 0x000000010c713810 code [0x000000010c7139a0, 0x000000010c713df8]
Event: 10.394 Thread 0x00007f81b2835000 2337       3       java.util.Collections$UnmodifiableList$1::hasNext (10 bytes)
Event: 10.395 Thread 0x00007f81b2835000 nmethod 2337 0x000000010c713f10 code [0x000000010c714080, 0x000000010c7142a8]
Event: 10.395 Thread 0x00007f81b2835000 2335       1       com.sun.javafx.text.TextRun::getLocation (5 bytes)
Event: 10.395 Thread 0x00007f81b2835000 nmethod 2335 0x000000010c714350 code [0x000000010c7144a0, 0x000000010c7145b0]
Event: 10.403 Thread 0x00007f81b282f000 nmethod 2300 0x000000010c716390 code [0x000000010c7166a0, 0x000000010c7176c0]
Event: 10.403 Thread 0x00007f81b282f000 2311       4       sun.util.calendar.ZoneInfo::getOffsets (276 bytes)

GC Heap History (2 events):
Event: 4.317 GC heap before
{Heap before GC invocations=1 (full 0):
 PSYoungGen      total 38400K, used 33280K [0x0000000795580000, 0x0000000798000000, 0x00000007c0000000)
  eden space 33280K, 100% used [0x0000000795580000,0x0000000797600000,0x0000000797600000)
  from space 5120K, 0% used [0x0000000797b00000,0x0000000797b00000,0x0000000798000000)
  to   space 5120K, 0% used [0x0000000797600000,0x0000000797600000,0x0000000797b00000)
 ParOldGen       total 87552K, used 0K [0x0000000740000000, 0x0000000745580000, 0x0000000795580000)
  object space 87552K, 0% used [0x0000000740000000,0x0000000740000000,0x0000000745580000)
 Metaspace       used 14506K, capacity 15186K, committed 15360K, reserved 1062912K
  class space    used 2090K, capacity 2282K, committed 2304K, reserved 1048576K
Event: 4.329 GC heap after
Heap after GC invocations=1 (full 0):
 PSYoungGen      total 38400K, used 4419K [0x0000000795580000, 0x0000000798000000, 0x00000007c0000000)
  eden space 33280K, 0% used [0x0000000795580000,0x0000000795580000,0x0000000797600000)
  from space 5120K, 86% used [0x0000000797600000,0x0000000797a50f38,0x0000000797b00000)
  to   space 5120K, 0% used [0x0000000797b00000,0x0000000797b00000,0x0000000798000000)
 ParOldGen       total 87552K, used 4112K [0x0000000740000000, 0x0000000745580000, 0x0000000795580000)
  object space 87552K, 4% used [0x0000000740000000,0x0000000740404020,0x0000000745580000)
 Metaspace       used 14506K, capacity 15186K, committed 15360K, reserved 1062912K
  class space    used 2090K, capacity 2282K, committed 2304K, reserved 1048576K
}

Deoptimization events (10 events):
Event: 6.950 Thread 0x00007f81b183c800 Uncommon trap: reason=class_check action=maybe_recompile pc=0x000000010c4d55e8 method=com.sun.javafx.css.StyleMap.getCascadingStyles()Ljava/util/Map; @ 77
Event: 6.951 Thread 0x00007f81b183c800 Uncommon trap: reason=class_check action=maybe_recompile pc=0x000000010c4cf028 method=javafx.scene.CssStyleHelper.getStyle(Ljavafx/css/Styleable;Ljava/lang/String;Lcom/sun/javafx/css/StyleMap;Ljava/util/Set;)Lcom/sun/javafx/css/CascadingStyle; @ 140
Event: 6.952 Thread 0x00007f81b183c800 Uncommon trap: reason=class_check action=maybe_recompile pc=0x000000010c4d55e8 method=com.sun.javafx.css.StyleMap.getCascadingStyles()Ljava/util/Map; @ 77
Event: 8.314 Thread 0x00007f81b183c800 Uncommon trap: reason=array_check action=maybe_recompile pc=0x000000010c5f27e4 method=com.sun.javafx.css.SimpleSelector.applies(Ljavafx/css/Styleable;[Ljava/util/Set;I)Z @ 37
Event: 8.314 Thread 0x00007f81b183c800 Uncommon trap: reason=array_check action=maybe_recompile pc=0x000000010c5f27e4 method=com.sun.javafx.css.SimpleSelector.applies(Ljavafx/css/Styleable;[Ljava/util/Set;I)Z @ 37
Event: 8.314 Thread 0x00007f81b183c800 Uncommon trap: reason=array_check action=maybe_recompile pc=0x000000010c5f27e4 method=com.sun.javafx.css.SimpleSelector.applies(Ljavafx/css/Styleable;[Ljava/util/Set;I)Z @ 37
Event: 8.314 Thread 0x00007f81b183c800 Uncommon trap: reason=array_check action=maybe_recompile pc=0x000000010c5f27e4 method=com.sun.javafx.css.SimpleSelector.applies(Ljavafx/css/Styleable;[Ljava/util/Set;I)Z @ 37
Event: 8.350 Thread 0x00007f81b183c800 Uncommon trap: reason=array_check action=maybe_recompile pc=0x000000010c61c798 method=com.sun.javafx.css.SimpleSelector.applies(Ljavafx/css/Styleable;[Ljava/util/Set;I)Z @ 37
Event: 8.351 Thread 0x00007f81b183c800 Uncommon trap: reason=unreached action=reinterpret pc=0x000000010c5d6648 method=javafx.scene.CssStyleHelper.resolveRef(Ljavafx/css/Styleable;Ljava/lang/String;Lcom/sun/javafx/css/StyleMap;Ljava/util/Set;)Lcom/sun/javafx/css/CascadingStyle; @ 66
Event: 8.351 Thread 0x00007f81b183c800 Uncommon trap: reason=unreached action=reinterpret pc=0x000000010c5c907c method=javafx.scene.CssStyleHelper.resolveRef(Ljavafx/css/Styleable;Ljava/lang/String;Lcom/sun/javafx/css/StyleMap;Ljava/util/Set;)Lcom/sun/javafx/css/CascadingStyle; @ 66

Internal exceptions (10 events):
Event: 4.279 Thread 0x00007f81b183c800 Exception <a 'java/security/PrivilegedActionException'> (0x000000079752b038) thrown at [/Users/java_re/workspace/8-2-build-macosx-x86_64/jdk8u31/2394/hotspot/src/share/vm/prims/jvm.cpp, line 1312]
Event: 4.344 Thread 0x00007f81b183c800 Exception <a 'java/security/PrivilegedActionException'> (0x00000007955bf6a0) thrown at [/Users/java_re/workspace/8-2-build-macosx-x86_64/jdk8u31/2394/hotspot/src/share/vm/prims/jvm.cpp, line 1312]
Event: 4.346 Thread 0x00007f81b183c800 Exception <a 'java/security/PrivilegedActionException'> (0x00000007955d5c18) thrown at [/Users/java_re/workspace/8-2-build-macosx-x86_64/jdk8u31/2394/hotspot/src/share/vm/prims/jvm.cpp, line 1312]
Event: 4.347 Thread 0x00007f81b183c800 Exception <a 'java/security/PrivilegedActionException'> (0x00000007955f0600) thrown at [/Users/java_re/workspace/8-2-build-macosx-x86_64/jdk8u31/2394/hotspot/src/share/vm/prims/jvm.cpp, line 1312]
Event: 5.551 Thread 0x00007f81b183c800 Exception <a 'java/security/PrivilegedActionException'> (0x0000000795841160) thrown at [/Users/java_re/workspace/8-2-build-macosx-x86_64/jdk8u31/2394/hotspot/src/share/vm/prims/jvm.cpp, line 1312]
Event: 6.846 Thread 0x00007f81b183c800 Exception <a 'java/security/PrivilegedActionException'> (0x000000079595d4a8) thrown at [/Users/java_re/workspace/8-2-build-macosx-x86_64/jdk8u31/2394/hotspot/src/share/vm/prims/jvm.cpp, line 1312]
Event: 8.285 Thread 0x00007f81b183c800 Exception <a 'java/security/PrivilegedActionException'> (0x0000000795e1d490) thrown at [/Users/java_re/workspace/8-2-build-macosx-x86_64/jdk8u31/2394/hotspot/src/share/vm/prims/jvm.cpp, line 1312]
Event: 10.315 Thread 0x00007f81b183c800 Exception <a 'java/security/PrivilegedActionException'> (0x00000007961b81f0) thrown at [/Users/java_re/workspace/8-2-build-macosx-x86_64/jdk8u31/2394/hotspot/src/share/vm/prims/jvm.cpp, line 1312]
Event: 10.316 Thread 0x00007f81b183c800 Exception <a 'java/security/PrivilegedActionException'> (0x00000007961bdd30) thrown at [/Users/java_re/workspace/8-2-build-macosx-x86_64/jdk8u31/2394/hotspot/src/share/vm/prims/jvm.cpp, line 1312]
Event: 10.317 Thread 0x00007f81b183c800 Exception <a 'java/security/PrivilegedActionException'> (0x00000007961c0458) thrown at [/Users/java_re/workspace/8-2-build-macosx-x86_64/jdk8u31/2394/hotspot/src/share/vm/prims/jvm.cpp, line 1312]

Events (10 events):
Event: 10.367 loading class javafx/event/ActionEvent
Event: 10.367 loading class javafx/event/ActionEvent done
Event: 10.367 loading class Dialog/AddVideoDialog
Event: 10.367 loading class Dialog/AddVideoDialog done
Event: 10.367 loading class javafx/event/ActionEvent
Event: 10.367 loading class javafx/event/ActionEvent done
Event: 10.368 loading class Dialog/AddVideoDialog
Event: 10.368 loading class Dialog/AddVideoDialog done
Event: 10.394 Executing VM operation: RevokeBias
Event: 10.395 Executing VM operation: RevokeBias done


Dynamic libraries:
0x0000000002492000 	/System/Library/Frameworks/Cocoa.framework/Versions/A/Cocoa
0x0000000002492000 	/System/Library/Frameworks/Security.framework/Versions/A/Security
0x0000000002492000 	/System/Library/Frameworks/ApplicationServices.framework/Versions/A/ApplicationServices
0x0000000002492000 	/usr/lib/libz.1.dylib
0x0000000002492000 	/usr/lib/libSystem.B.dylib
0x0000000002492000 	/usr/lib/libobjc.A.dylib
0x0000000002492000 	/System/Library/Frameworks/CoreFoundation.framework/Versions/A/CoreFoundation
0x0000000002492000 	/System/Library/Frameworks/Foundation.framework/Versions/C/Foundation
0x0000000002492000 	/System/Library/Frameworks/AppKit.framework/Versions/C/AppKit
0x0000000002492000 	/System/Library/Frameworks/CoreData.framework/Versions/A/CoreData
0x0000000002492000 	/System/Library/PrivateFrameworks/RemoteViewServices.framework/Versions/A/RemoteViewServices
0x0000000002492000 	/System/Library/PrivateFrameworks/UIFoundation.framework/Versions/A/UIFoundation
0x0000000002492000 	/usr/lib/libScreenReader.dylib
0x0000000002492000 	/System/Library/Frameworks/Accelerate.framework/Versions/A/Accelerate
0x0000000002492000 	/System/Library/Frameworks/IOSurface.framework/Versions/A/IOSurface
0x0000000002492000 	/System/Library/Frameworks/AudioToolbox.framework/Versions/A/AudioToolbox
0x0000000002492000 	/System/Library/Frameworks/AudioUnit.framework/Versions/A/AudioUnit
0x0000000002492000 	/System/Library/PrivateFrameworks/DataDetectorsCore.framework/Versions/A/DataDetectorsCore
0x0000000002492000 	/System/Library/PrivateFrameworks/DesktopServicesPriv.framework/Versions/A/DesktopServicesPriv
0x0000000002492000 	/System/Library/Frameworks/Carbon.framework/Versions/A/Frameworks/HIToolbox.framework/Versions/A/HIToolbox
0x0000000002492000 	/System/Library/Frameworks/QuartzCore.framework/Versions/A/QuartzCore
0x0000000002492000 	/System/Library/Frameworks/Carbon.framework/Versions/A/Frameworks/SpeechRecognition.framework/Versions/A/SpeechRecognition
0x0000000002492000 	/usr/lib/libauto.dylib
0x0000000002492000 	/usr/lib/libicucore.A.dylib
0x0000000002492000 	/usr/lib/libxml2.2.dylib
0x0000000002492000 	/System/Library/PrivateFrameworks/CoreUI.framework/Versions/A/CoreUI
0x0000000002492000 	/System/Library/Frameworks/CoreAudio.framework/Versions/A/CoreAudio
0x0000000002492000 	/System/Library/Frameworks/DiskArbitration.framework/Versions/A/DiskArbitration
0x0000000002492000 	/usr/lib/liblangid.dylib
0x0000000002492000 	/System/Library/PrivateFrameworks/MultitouchSupport.framework/Versions/A/MultitouchSupport
0x0000000002492000 	/System/Library/Frameworks/IOKit.framework/Versions/A/IOKit
0x0000000002492000 	/usr/lib/libDiagnosticMessagesClient.dylib
0x0000000002492000 	/System/Library/Frameworks/CoreServices.framework/Versions/A/CoreServices
0x0000000002492000 	/System/Library/PrivateFrameworks/PerformanceAnalysis.framework/Versions/A/PerformanceAnalysis
0x0000000002492000 	/System/Library/PrivateFrameworks/GenerationalStorage.framework/Versions/A/GenerationalStorage
0x0000000002492000 	/System/Library/Frameworks/OpenGL.framework/Versions/A/OpenGL
0x0000000002492000 	/System/Library/PrivateFrameworks/Sharing.framework/Versions/A/Sharing
0x0000000002492000 	/System/Library/Frameworks/CoreGraphics.framework/Versions/A/CoreGraphics
0x0000000002492000 	/System/Library/Frameworks/CoreImage.framework/Versions/A/CoreImage
0x0000000002492000 	/System/Library/Frameworks/CoreText.framework/Versions/A/CoreText
0x0000000002492000 	/System/Library/Frameworks/ImageIO.framework/Versions/A/ImageIO
0x0000000002492000 	/System/Library/PrivateFrameworks/Backup.framework/Versions/A/Backup
0x0000000002492000 	/usr/lib/libextension.dylib
0x0000000002492000 	/usr/lib/libarchive.2.dylib
0x0000000002492000 	/System/Library/Frameworks/CFNetwork.framework/Versions/A/CFNetwork
0x0000000002492000 	/System/Library/Frameworks/SystemConfiguration.framework/Versions/A/SystemConfiguration
0x0000000002492000 	/usr/lib/libCRFSuite.dylib
0x0000000002492000 	/usr/lib/libc++.1.dylib
0x0000000002492000 	/usr/lib/libc++abi.dylib
0x0000000002492000 	/usr/lib/system/libcache.dylib
0x0000000002492000 	/usr/lib/system/libcommonCrypto.dylib
0x0000000002492000 	/usr/lib/system/libcompiler_rt.dylib
0x0000000002492000 	/usr/lib/system/libcopyfile.dylib
0x0000000002492000 	/usr/lib/system/libcorecrypto.dylib
0x0000000002492000 	/usr/lib/system/libdispatch.dylib
0x0000000002492000 	/usr/lib/system/libdyld.dylib
0x0000000002492000 	/usr/lib/system/libkeymgr.dylib
0x0000000002492000 	/usr/lib/system/liblaunch.dylib
0x0000000002492000 	/usr/lib/system/libmacho.dylib
0x0000000002492000 	/usr/lib/system/libquarantine.dylib
0x0000000002492000 	/usr/lib/system/libremovefile.dylib
0x0000000002492000 	/usr/lib/system/libsystem_asl.dylib
0x0000000002492000 	/usr/lib/system/libsystem_blocks.dylib
0x0000000002492000 	/usr/lib/system/libsystem_c.dylib
0x0000000002492000 	/usr/lib/system/libsystem_configuration.dylib
0x0000000002492000 	/usr/lib/system/libsystem_coreservices.dylib
0x0000000002492000 	/usr/lib/system/libsystem_coretls.dylib
0x0000000002492000 	/usr/lib/system/libsystem_dnssd.dylib
0x0000000002492000 	/usr/lib/system/libsystem_info.dylib
0x0000000002492000 	/usr/lib/system/libsystem_kernel.dylib
0x0000000002492000 	/usr/lib/system/libsystem_m.dylib
0x0000000002492000 	/usr/lib/system/libsystem_malloc.dylib
0x0000000002492000 	/usr/lib/system/libsystem_network.dylib
0x0000000002492000 	/usr/lib/system/libsystem_networkextension.dylib
0x0000000002492000 	/usr/lib/system/libsystem_notify.dylib
0x0000000002492000 	/usr/lib/system/libsystem_platform.dylib
0x0000000002492000 	/usr/lib/system/libsystem_pthread.dylib
0x0000000002492000 	/usr/lib/system/libsystem_sandbox.dylib
0x0000000002492000 	/usr/lib/system/libsystem_secinit.dylib
0x0000000002492000 	/usr/lib/system/libsystem_trace.dylib
0x0000000002492000 	/usr/lib/system/libunc.dylib
0x0000000002492000 	/usr/lib/system/libunwind.dylib
0x0000000002492000 	/usr/lib/system/libxpc.dylib
0x0000000002492000 	/usr/lib/libenergytrace.dylib
0x0000000002492000 	/usr/lib/libbsm.0.dylib
0x0000000002492000 	/usr/lib/system/libkxld.dylib
0x0000000002492000 	/usr/lib/libxar.1.dylib
0x0000000002492000 	/usr/lib/libsqlite3.dylib
0x0000000002492000 	/usr/lib/libpam.2.dylib
0x0000000002492000 	/usr/lib/libOpenScriptingUtil.dylib
0x0000000002492000 	/usr/lib/libbz2.1.0.dylib
0x0000000002492000 	/usr/lib/liblzma.5.dylib
0x0000000002492000 	/System/Library/Frameworks/CoreServices.framework/Versions/A/Frameworks/FSEvents.framework/Versions/A/FSEvents
0x0000000002492000 	/System/Library/Frameworks/CoreServices.framework/Versions/A/Frameworks/CarbonCore.framework/Versions/A/CarbonCore
0x0000000002492000 	/System/Library/Frameworks/CoreServices.framework/Versions/A/Frameworks/Metadata.framework/Versions/A/Metadata
0x0000000002492000 	/System/Library/Frameworks/CoreServices.framework/Versions/A/Frameworks/OSServices.framework/Versions/A/OSServices
0x0000000002492000 	/System/Library/Frameworks/CoreServices.framework/Versions/A/Frameworks/SearchKit.framework/Versions/A/SearchKit
0x0000000002492000 	/System/Library/Frameworks/CoreServices.framework/Versions/A/Frameworks/AE.framework/Versions/A/AE
0x0000000002492000 	/System/Library/Frameworks/CoreServices.framework/Versions/A/Frameworks/LaunchServices.framework/Versions/A/LaunchServices
0x0000000002492000 	/System/Library/Frameworks/CoreServices.framework/Versions/A/Frameworks/DictionaryServices.framework/Versions/A/DictionaryServices
0x0000000002492000 	/System/Library/Frameworks/CoreServices.framework/Versions/A/Frameworks/SharedFileList.framework/Versions/A/SharedFileList
0x0000000002492000 	/System/Library/Frameworks/NetFS.framework/Versions/A/NetFS
0x0000000002492000 	/System/Library/PrivateFrameworks/NetAuth.framework/Versions/A/NetAuth
0x0000000002492000 	/System/Library/PrivateFrameworks/login.framework/Versions/A/Frameworks/loginsupport.framework/Versions/A/loginsupport
0x0000000002492000 	/System/Library/PrivateFrameworks/TCC.framework/Versions/A/TCC
0x0000000002492000 	/usr/lib/libmecabra.dylib
0x0000000002492000 	/System/Library/Frameworks/ApplicationServices.framework/Versions/A/Frameworks/ATS.framework/Versions/A/ATS
0x0000000002492000 	/System/Library/Frameworks/ApplicationServices.framework/Versions/A/Frameworks/ColorSync.framework/Versions/A/ColorSync
0x0000000002492000 	/System/Library/Frameworks/ApplicationServices.framework/Versions/A/Frameworks/HIServices.framework/Versions/A/HIServices
0x0000000002492000 	/System/Library/Frameworks/ApplicationServices.framework/Versions/A/Frameworks/LangAnalysis.framework/Versions/A/LangAnalysis
0x0000000002492000 	/System/Library/Frameworks/ApplicationServices.framework/Versions/A/Frameworks/PrintCore.framework/Versions/A/PrintCore
0x0000000002492000 	/System/Library/Frameworks/ApplicationServices.framework/Versions/A/Frameworks/QD.framework/Versions/A/QD
0x0000000002492000 	/System/Library/Frameworks/ApplicationServices.framework/Versions/A/Frameworks/SpeechSynthesis.framework/Versions/A/SpeechSynthesis
0x0000000002492000 	/System/Library/Frameworks/Metal.framework/Versions/A/Metal
0x0000000002492000 	/System/Library/Frameworks/Accelerate.framework/Versions/A/Frameworks/vImage.framework/Versions/A/vImage
0x0000000002492000 	/System/Library/Frameworks/Accelerate.framework/Versions/A/Frameworks/vecLib.framework/Versions/A/vecLib
0x0000000002492000 	/System/Library/Frameworks/Accelerate.framework/Versions/A/Frameworks/vecLib.framework/Versions/A/libvDSP.dylib
0x0000000002492000 	/System/Library/Frameworks/Accelerate.framework/Versions/A/Frameworks/vecLib.framework/Versions/A/libvMisc.dylib
0x0000000002492000 	/System/Library/Frameworks/Accelerate.framework/Versions/A/Frameworks/vecLib.framework/Versions/A/libLAPACK.dylib
0x0000000002492000 	/System/Library/Frameworks/Accelerate.framework/Versions/A/Frameworks/vecLib.framework/Versions/A/libBLAS.dylib
0x0000000002492000 	/System/Library/Frameworks/Accelerate.framework/Versions/A/Frameworks/vecLib.framework/Versions/A/libLinearAlgebra.dylib
0x0000000002492000 	/System/Library/Frameworks/Accelerate.framework/Versions/A/Frameworks/vecLib.framework/Versions/A/libSparseBLAS.dylib
0x0000000002492000 	/System/Library/PrivateFrameworks/GPUCompiler.framework/libmetal_timestamp.dylib
0x0000000002492000 	/System/Library/Frameworks/OpenGL.framework/Versions/A/Libraries/libCoreFSCache.dylib
0x0000000002492000 	/System/Library/PrivateFrameworks/IOAccelerator.framework/Versions/A/IOAccelerator
0x0000000002492000 	/System/Library/Frameworks/ApplicationServices.framework/Versions/A/Frameworks/ATS.framework/Versions/A/Resources/libFontParser.dylib
0x0000000002492000 	/System/Library/Frameworks/ApplicationServices.framework/Versions/A/Frameworks/ATS.framework/Versions/A/Resources/libFontRegistry.dylib
0x0000000002492000 	/System/Library/PrivateFrameworks/AppleVPA.framework/Versions/A/AppleVPA
0x0000000002492000 	/System/Library/PrivateFrameworks/AppleJPEG.framework/Versions/A/AppleJPEG
0x0000000002492000 	/System/Library/Frameworks/ImageIO.framework/Versions/A/Resources/libJPEG.dylib
0x0000000002492000 	/System/Library/Frameworks/ImageIO.framework/Versions/A/Resources/libTIFF.dylib
0x0000000002492000 	/System/Library/Frameworks/ImageIO.framework/Versions/A/Resources/libPng.dylib
0x0000000002492000 	/System/Library/Frameworks/ImageIO.framework/Versions/A/Resources/libGIF.dylib
0x0000000002492000 	/System/Library/Frameworks/ImageIO.framework/Versions/A/Resources/libJP2.dylib
0x0000000002492000 	/System/Library/Frameworks/ImageIO.framework/Versions/A/Resources/libRadiance.dylib
0x0000000002492000 	/System/Library/Frameworks/CoreVideo.framework/Versions/A/CoreVideo
0x0000000002492000 	/System/Library/Frameworks/OpenGL.framework/Versions/A/Libraries/libGLU.dylib
0x0000000002492000 	/System/Library/Frameworks/OpenGL.framework/Versions/A/Libraries/libGFXShared.dylib
0x0000000002492000 	/System/Library/Frameworks/OpenGL.framework/Versions/A/Libraries/libGL.dylib
0x0000000002492000 	/System/Library/Frameworks/OpenGL.framework/Versions/A/Libraries/libGLImage.dylib
0x0000000002492000 	/System/Library/Frameworks/OpenGL.framework/Versions/A/Libraries/libCVMSPluginSupport.dylib
0x0000000002492000 	/System/Library/Frameworks/OpenGL.framework/Versions/A/Libraries/libCoreVMClient.dylib
0x0000000002492000 	/usr/lib/libcups.2.dylib
0x0000000002492000 	/System/Library/Frameworks/Kerberos.framework/Versions/A/Kerberos
0x0000000002492000 	/System/Library/Frameworks/GSS.framework/Versions/A/GSS
0x0000000002492000 	/usr/lib/libresolv.9.dylib
0x0000000002492000 	/usr/lib/libiconv.2.dylib
0x0000000002492000 	/System/Library/PrivateFrameworks/Heimdal.framework/Versions/A/Heimdal
0x0000000002492000 	/usr/lib/libheimdal-asn1.dylib
0x0000000002492000 	/System/Library/Frameworks/OpenDirectory.framework/Versions/A/OpenDirectory
0x0000000002492000 	/System/Library/PrivateFrameworks/CommonAuth.framework/Versions/A/CommonAuth
0x0000000002492000 	/System/Library/Frameworks/OpenDirectory.framework/Versions/A/Frameworks/CFOpenDirectory.framework/Versions/A/CFOpenDirectory
0x0000000002492000 	/System/Library/Frameworks/SecurityFoundation.framework/Versions/A/SecurityFoundation
0x0000000002492000 	/System/Library/PrivateFrameworks/LanguageModeling.framework/Versions/A/LanguageModeling
0x0000000002492000 	/usr/lib/libmarisa.dylib
0x0000000002492000 	/usr/lib/libChineseTokenizer.dylib
0x0000000002492000 	/usr/lib/libcmph.dylib
0x0000000002492000 	/usr/lib/libcompression.dylib
0x0000000002492000 	/System/Library/Frameworks/ServiceManagement.framework/Versions/A/ServiceManagement
0x0000000002492000 	/usr/lib/libxslt.1.dylib
0x0000000002492000 	/System/Library/Frameworks/Carbon.framework/Versions/A/Frameworks/Ink.framework/Versions/A/Ink
0x0000000002492000 	/usr/lib/libFosl_dynamic.dylib
0x0000000002492000 	/System/Library/PrivateFrameworks/FaceCore.framework/Versions/A/FaceCore
0x0000000002492000 	/System/Library/Frameworks/OpenCL.framework/Versions/A/OpenCL
0x0000000002492000 	/System/Library/PrivateFrameworks/CrashReporterSupport.framework/Versions/A/CrashReporterSupport
0x0000000002492000 	/System/Library/PrivateFrameworks/IconServices.framework/Versions/A/IconServices
0x0000000002492000 	/System/Library/PrivateFrameworks/Apple80211.framework/Versions/A/Apple80211
0x0000000002492000 	/System/Library/Frameworks/CoreWLAN.framework/Versions/A/CoreWLAN
0x0000000002492000 	/System/Library/Frameworks/IOBluetooth.framework/Versions/A/IOBluetooth
0x0000000002492000 	/System/Library/PrivateFrameworks/CoreWiFi.framework/Versions/A/CoreWiFi
0x0000000002492000 	/System/Library/Frameworks/CoreBluetooth.framework/Versions/A/CoreBluetooth
0x0000000002492000 	/System/Library/PrivateFrameworks/ChunkingLibrary.framework/Versions/A/ChunkingLibrary
0x0000000002492000 	/System/Library/PrivateFrameworks/DebugSymbols.framework/Versions/A/DebugSymbols
0x0000000002492000 	/System/Library/PrivateFrameworks/CoreSymbolication.framework/Versions/A/CoreSymbolication
0x0000000002492000 	/System/Library/PrivateFrameworks/Symbolication.framework/Versions/A/Symbolication
0x0000000002492000 	/System/Library/PrivateFrameworks/SpeechRecognitionCore.framework/Versions/A/SpeechRecognitionCore
0x000000010a8a8000 	/Library/Java/JavaVirtualMachines/jdk1.8.0_31.jdk/Contents/Home/jre/lib/server/libjvm.dylib
0x0000000002492000 	/usr/lib/libstdc++.6.dylib
0x000000010b7cb000 	/Library/Java/JavaVirtualMachines/jdk1.8.0_31.jdk/Contents/Home/jre/lib/libverify.dylib
0x000000010c000000 	/Library/Java/JavaVirtualMachines/jdk1.8.0_31.jdk/Contents/Home/jre/lib/libjava.dylib
0x000000010b7e3000 	/Library/Java/JavaVirtualMachines/jdk1.8.0_31.jdk/Contents/Home/jre/lib/libzip.dylib
0x000000012196c000 	/System/Library/Frameworks/JavaVM.framework/Frameworks/JavaRuntimeSupport.framework/JavaRuntimeSupport
0x0000000121987000 	/System/Library/Frameworks/JavaVM.framework/Versions/A/Frameworks/JavaNativeFoundation.framework/Versions/A/JavaNativeFoundation
0x000000010b7ec000 	/System/Library/Frameworks/JavaVM.framework/Versions/A/JavaVM
0x0000000002492000 	/System/Library/Frameworks/Carbon.framework/Versions/A/Carbon
0x000000012199c000 	/System/Library/PrivateFrameworks/JavaLaunching.framework/Versions/A/JavaLaunching
0x0000000002492000 	/System/Library/Frameworks/Carbon.framework/Versions/A/Frameworks/CommonPanels.framework/Versions/A/CommonPanels
0x0000000002492000 	/System/Library/Frameworks/Carbon.framework/Versions/A/Frameworks/Help.framework/Versions/A/Help
0x0000000002492000 	/System/Library/Frameworks/Carbon.framework/Versions/A/Frameworks/ImageCapture.framework/Versions/A/ImageCapture
0x0000000002492000 	/System/Library/Frameworks/Carbon.framework/Versions/A/Frameworks/OpenScripting.framework/Versions/A/OpenScripting
0x0000000002492000 	/System/Library/Frameworks/Carbon.framework/Versions/A/Frameworks/Print.framework/Versions/A/Print
0x0000000002492000 	/System/Library/Frameworks/Carbon.framework/Versions/A/Frameworks/SecurityHI.framework/Versions/A/SecurityHI
0x0000000123344000 	/Library/Java/JavaVirtualMachines/jdk1.8.0_31.jdk/Contents/Home/jre/lib/libprism_es2.dylib
0x0000000002492000 	/System/Library/Frameworks/OpenGL.framework/Versions/A/Resources/GLEngine.bundle/GLEngine
0x0000000002492000 	/System/Library/Frameworks/OpenGL.framework/Versions/A/Libraries/libGLProgrammability.dylib
0x00000001233c5000 	/System/Library/Extensions/AppleIntelHD3000GraphicsGLDriver.bundle/Contents/MacOS/AppleIntelHD3000GraphicsGLDriver
0x0000000002492000 	/System/Library/PrivateFrameworks/GPUSupport.framework/Versions/A/Libraries/libGPUSupport.dylib
0x0000000002492000 	/System/Library/Frameworks/OpenGL.framework/Versions/A/Resources/GLRendererFloat.bundle/GLRendererFloat
0x0000000002492000 	/System/Library/Frameworks/OpenCL.framework/Versions/A/Libraries/libcldcpuengine.dylib
0x0000000002492000 	/System/Library/PrivateFrameworks/DiskImages.framework/Versions/A/DiskImages
0x0000000002492000 	/System/Library/Frameworks/DiscRecording.framework/Versions/A/DiscRecording
0x0000000002492000 	/usr/lib/libcsfde.dylib
0x0000000002492000 	/usr/lib/libcurl.4.dylib
0x0000000002492000 	/System/Library/PrivateFrameworks/MediaKit.framework/Versions/A/MediaKit
0x0000000002492000 	/System/Library/PrivateFrameworks/ProtectedCloudStorage.framework/Versions/A/ProtectedCloudStorage
0x0000000002492000 	/usr/lib/libCoreStorage.dylib
0x0000000002492000 	/System/Library/PrivateFrameworks/EFILogin.framework/Versions/A/EFILogin
0x0000000002492000 	/usr/lib/libutil.dylib
0x0000000002492000 	/System/Library/PrivateFrameworks/FindMyDevice.framework/Versions/A/FindMyDevice
0x0000000002492000 	/System/Library/Frameworks/LDAP.framework/Versions/A/LDAP
0x0000000002492000 	/usr/lib/libsasl2.2.dylib
0x0000000002492000 	/System/Library/PrivateFrameworks/CoreDaemon.framework/Versions/B/CoreDaemon
0x0000000002492000 	/usr/lib/libcrypto.0.9.8.dylib
0x0000000002492000 	/System/Library/PrivateFrameworks/AppleSRP.framework/Versions/A/AppleSRP
0x0000000002492000 	/System/Library/PrivateFrameworks/TrustEvaluationAgent.framework/Versions/A/TrustEvaluationAgent
0x0000000123a45000 	/Library/Java/JavaVirtualMachines/jdk1.8.0_31.jdk/Contents/Home/jre/lib/libglass.dylib
0x0000000002492000 	/System/Library/PrivateFrameworks/CoreServicesInternal.framework/Versions/A/CoreServicesInternal
0x0000000002492000 	/System/Library/CoreServices/RawCamera.bundle/Contents/MacOS/RawCamera
0x0000000002492000 	/System/Library/Frameworks/CoreGraphics.framework/Versions/A/Resources/libRIP.A.dylib
0x0000000002492000 	/System/Library/Frameworks/Accelerate.framework/Versions/A/Frameworks/vImage.framework/Versions/A/Libraries/libCGInterfaces.dylib
0x0000000002492000 	/System/Library/PrivateFrameworks/FamilyControls.framework/Versions/A/FamilyControls
0x0000000002492000 	/System/Library/PrivateFrameworks/CommerceKit.framework/Versions/A/Frameworks/CommerceCore.framework/Versions/A/CommerceCore
0x0000000002492000 	/System/Library/PrivateFrameworks/SystemAdministration.framework/Versions/A/SystemAdministration
0x0000000002492000 	/System/Library/PrivateFrameworks/AppContainer.framework/Versions/A/AppContainer
0x0000000002492000 	/System/Library/PrivateFrameworks/SecCodeWrapper.framework/Versions/A/SecCodeWrapper
0x0000000002492000 	/System/Library/Frameworks/DirectoryService.framework/Versions/A/DirectoryService
0x0000000002492000 	/System/Library/PrivateFrameworks/LoginUIKit.framework/Versions/A/Frameworks/LoginUICore.framework/Versions/A/LoginUICore
0x0000000002492000 	/usr/lib/libodfde.dylib
0x0000000124411000 	/Library/Java/JavaVirtualMachines/jdk1.8.0_31.jdk/Contents/Home/jre/lib/libjavafx_font.dylib
0x0000000002492000 	/System/Library/Frameworks/CoreGraphics.framework/Versions/A/Resources/libCGXType.A.dylib
0x00000001267fd000 	/Library/Java/JavaVirtualMachines/jdk1.8.0_31.jdk/Contents/Home/jre/lib/libnet.dylib
0x0000000126a5c000 	/Library/Java/JavaVirtualMachines/jdk1.8.0_31.jdk/Contents/Home/jre/lib/libnio.dylib
0x0000000128737000 	cl_kernels
0x0000000002492000 	/System/Library/Frameworks/OpenCL.framework/Versions/A/Libraries/ImageFormats/unorm8_bgra.dylib
0x0000000002492000 	/System/Library/Frameworks/OpenCL.framework/Versions/A/Libraries/ImageFormats/unorm8_rgba.dylib
0x0000000129548000 	/Library/Java/JavaVirtualMachines/jdk1.8.0_31.jdk/Contents/Home/jre/lib/libprism_common.dylib

VM Arguments:
jvm_args: -Dfile.encoding=UTF-8 
java_command: /Users/andrewestevez/NetBeansProjects/EPortfolioGenerator/dist/run467888442/EPortfolioGenerator.jar
java_class_path (initial): /Users/andrewestevez/NetBeansProjects/EPortfolioGenerator/dist/run467888442/EPortfolioGenerator.jar
Launcher Type: SUN_STANDARD

Environment Variables:
PATH=/usr/bin:/bin:/usr/sbin:/sbin
LD_LIBRARY_PATH=/Library/Java/JavaVirtualMachines/jdk1.8.0_31.jdk/Contents/Home/jre/lib/amd64:/Library/Java/JavaVirtualMachines/jdk1.8.0_31.jdk/Contents/Home/jre/lib/i386:
SHELL=/bin/bash

Signal Handlers:
SIGSEGV: [libjvm.dylib+0x57a0e7], sa_mask[0]=11111111011111110111111111111111, sa_flags=SA_ONSTACK|SA_RESTART|SA_SIGINFO
SIGBUS: [libjvm.dylib+0x57a0e7], sa_mask[0]=11111111011111110111111111111111, sa_flags=SA_RESTART|SA_SIGINFO
SIGFPE: [libjvm.dylib+0x45af24], sa_mask[0]=11111111011111110111111111111111, sa_flags=SA_RESTART|SA_SIGINFO
SIGPIPE: [libjvm.dylib+0x45af24], sa_mask[0]=11111111011111110111111111111111, sa_flags=SA_RESTART|SA_SIGINFO
SIGXFSZ: [libjvm.dylib+0x45af24], sa_mask[0]=11111111011111110111111111111111, sa_flags=SA_RESTART|SA_SIGINFO
SIGILL: [libjvm.dylib+0x45af24], sa_mask[0]=11111111011111110111111111111111, sa_flags=SA_RESTART|SA_SIGINFO
SIGUSR1: SIG_DFL, sa_mask[0]=00000000000000000000000000000000, sa_flags=none
SIGUSR2: [libjvm.dylib+0x45aa42], sa_mask[0]=00100000000000000000000000000000, sa_flags=SA_RESTART|SA_SIGINFO
SIGHUP: [libjvm.dylib+0x459015], sa_mask[0]=11111111011111110111111111111111, sa_flags=SA_RESTART|SA_SIGINFO
SIGINT: SIG_IGN, sa_mask[0]=00000000000000000000000000000000, sa_flags=none
SIGTERM: [libjvm.dylib+0x459015], sa_mask[0]=11111111011111110111111111111111, sa_flags=SA_RESTART|SA_SIGINFO
SIGQUIT: [libjvm.dylib+0x459015], sa_mask[0]=11111111011111110111111111111111, sa_flags=SA_RESTART|SA_SIGINFO


---------------  S Y S T E M  ---------------

OS:Bsduname:Darwin 15.0.0 Darwin Kernel Version 15.0.0: Wed Aug 26 16:57:32 PDT 2015; root:xnu-3247.1.106~1/RELEASE_X86_64 x86_64
rlimit: STACK 8192k, CORE 0k, NPROC 709, NOFILE 10240, AS infinity
load average:1.82 1.62 1.65

CPU:total 4 (2 cores per cpu, 2 threads per core) family 6 model 42 stepping 7, cmov, cx8, fxsr, mmx, sse, sse2, sse3, ssse3, sse4.1, sse4.2, popcnt, avx, aes, clmul, ht, tsc, tscinvbit

Memory: 4k page, physical 8388608k(30040k free)

/proc/meminfo:


vm_info: Java HotSpot(TM) 64-Bit Server VM (25.31-b07) for bsd-amd64 JRE (1.8.0_31-b13), built on Dec 17 2014 20:45:36 by "java_re" with gcc 4.2.1 (Based on Apple Inc. build 5658) (LLVM build 2336.11.00)

time: Thu Dec  3 20:33:01 2015
elapsed time: 10 seconds (0d 0h 0m 10s)

